mode: set
github.com/heroku/go-getting-started/api/controller/router.go:8.32,22.2 6 0
github.com/heroku/go-getting-started/main.go:18.13,22.16 2 0
github.com/heroku/go-getting-started/main.go:27.2,29.24 2 0
github.com/heroku/go-getting-started/main.go:22.16,25.3 2 0
github.com/heroku/go-getting-started/api/service/discovery.go:11.52,16.58 3 1
github.com/heroku/go-getting-started/api/service/discovery.go:27.2,27.44 1 1
github.com/heroku/go-getting-started/api/service/discovery.go:31.2,31.24 1 1
github.com/heroku/go-getting-started/api/service/discovery.go:16.58,18.66 1 1
github.com/heroku/go-getting-started/api/service/discovery.go:18.66,19.41 1 1
github.com/heroku/go-getting-started/api/service/discovery.go:19.41,21.5 1 1
github.com/heroku/go-getting-started/api/service/discovery.go:27.44,29.3 1 1
github.com/heroku/go-getting-started/api/service/discovery.go:36.55,100.2 19 1
github.com/heroku/go-getting-started/api/controller/core.go:39.43,47.16 5 0
github.com/heroku/go-getting-started/api/controller/core.go:51.2,63.40 4 0
github.com/heroku/go-getting-started/api/controller/core.go:67.2,72.39 2 0
github.com/heroku/go-getting-started/api/controller/core.go:47.16,48.13 1 0
github.com/heroku/go-getting-started/api/controller/core.go:63.40,65.3 1 0
github.com/heroku/go-getting-started/api/controller/core.go:76.42,82.26 4 0
github.com/heroku/go-getting-started/api/controller/core.go:87.2,105.39 5 0
github.com/heroku/go-getting-started/api/controller/core.go:82.26,83.23 1 0
github.com/heroku/go-getting-started/api/controller/core.go:110.87,112.68 1 0
github.com/heroku/go-getting-started/api/controller/core.go:124.2,124.31 1 0
github.com/heroku/go-getting-started/api/controller/core.go:112.68,116.26 3 0
github.com/heroku/go-getting-started/api/controller/core.go:116.26,118.4 1 0
github.com/heroku/go-getting-started/api/controller/core.go:118.9,118.36 1 0
github.com/heroku/go-getting-started/api/controller/core.go:118.36,120.4 1 0
github.com/heroku/go-getting-started/api/controller/core.go:120.9,120.31 1 0
github.com/heroku/go-getting-started/api/controller/core.go:120.31,122.4 1 0
github.com/heroku/go-getting-started/api/controller/core.go:128.41,132.2 1 0
github.com/heroku/go-getting-started/api/controller/core.go:135.63,163.27 4 0
github.com/heroku/go-getting-started/api/controller/core.go:170.2,170.13 1 0
github.com/heroku/go-getting-started/api/controller/core.go:163.27,164.38 1 0
github.com/heroku/go-getting-started/api/controller/core.go:164.38,167.4 2 0
github.com/heroku/go-getting-started/api/service/discovery.go:11.52,16.58 3 1
github.com/heroku/go-getting-started/api/service/discovery.go:27.2,27.44 1 1
github.com/heroku/go-getting-started/api/service/discovery.go:31.2,31.24 1 1
github.com/heroku/go-getting-started/api/service/discovery.go:16.58,18.66 1 1
github.com/heroku/go-getting-started/api/service/discovery.go:18.66,19.41 1 1
github.com/heroku/go-getting-started/api/service/discovery.go:19.41,21.5 1 1
github.com/heroku/go-getting-started/api/service/discovery.go:27.44,29.3 1 1
github.com/heroku/go-getting-started/api/service/discovery.go:36.55,100.2 19 1
github.com/heroku/go-getting-started/main.go:18.13,22.16 2 0
github.com/heroku/go-getting-started/main.go:27.2,29.24 2 0
github.com/heroku/go-getting-started/main.go:22.16,25.3 2 0
github.com/heroku/go-getting-started/api/controller/core.go:39.43,47.16 5 1
github.com/heroku/go-getting-started/api/controller/core.go:51.2,63.40 4 1
github.com/heroku/go-getting-started/api/controller/core.go:67.2,72.39 2 1
github.com/heroku/go-getting-started/api/controller/core.go:47.16,48.13 1 0
github.com/heroku/go-getting-started/api/controller/core.go:63.40,65.3 1 1
github.com/heroku/go-getting-started/api/controller/core.go:76.42,82.26 4 1
github.com/heroku/go-getting-started/api/controller/core.go:87.2,105.39 5 1
github.com/heroku/go-getting-started/api/controller/core.go:82.26,83.23 1 0
github.com/heroku/go-getting-started/api/controller/core.go:110.87,112.68 1 1
github.com/heroku/go-getting-started/api/controller/core.go:124.2,124.31 1 1
github.com/heroku/go-getting-started/api/controller/core.go:112.68,116.26 3 1
github.com/heroku/go-getting-started/api/controller/core.go:116.26,118.4 1 1
github.com/heroku/go-getting-started/api/controller/core.go:118.9,118.36 1 1
github.com/heroku/go-getting-started/api/controller/core.go:118.36,120.4 1 1
github.com/heroku/go-getting-started/api/controller/core.go:120.9,120.31 1 1
github.com/heroku/go-getting-started/api/controller/core.go:120.31,122.4 1 1
github.com/heroku/go-getting-started/api/controller/core.go:128.41,132.2 1 1
github.com/heroku/go-getting-started/api/controller/core.go:135.63,163.27 4 1
github.com/heroku/go-getting-started/api/controller/core.go:170.2,170.13 1 1
github.com/heroku/go-getting-started/api/controller/core.go:163.27,164.38 1 1
github.com/heroku/go-getting-started/api/controller/core.go:164.38,167.4 2 1
github.com/heroku/go-getting-started/api/controller/router.go:8.32,22.2 6 1
github.com/heroku/go-getting-started/api/service/discovery.go:11.52,16.58 3 0
github.com/heroku/go-getting-started/api/service/discovery.go:27.2,27.44 1 0
github.com/heroku/go-getting-started/api/service/discovery.go:31.2,31.24 1 0
github.com/heroku/go-getting-started/api/service/discovery.go:16.58,18.66 1 0
github.com/heroku/go-getting-started/api/service/discovery.go:18.66,19.41 1 0
github.com/heroku/go-getting-started/api/service/discovery.go:19.41,21.5 1 0
github.com/heroku/go-getting-started/api/service/discovery.go:27.44,29.3 1 0
github.com/heroku/go-getting-started/api/service/discovery.go:36.55,100.2 19 0
github.com/heroku/go-getting-started/api/controller/core.go:39.43,47.16 5 0
github.com/heroku/go-getting-started/api/controller/core.go:51.2,63.40 4 0
github.com/heroku/go-getting-started/api/controller/core.go:67.2,72.39 2 0
github.com/heroku/go-getting-started/api/controller/core.go:47.16,48.13 1 0
github.com/heroku/go-getting-started/api/controller/core.go:63.40,65.3 1 0
github.com/heroku/go-getting-started/api/controller/core.go:76.42,82.26 4 0
github.com/heroku/go-getting-started/api/controller/core.go:87.2,105.39 5 0
github.com/heroku/go-getting-started/api/controller/core.go:82.26,83.23 1 0
github.com/heroku/go-getting-started/api/controller/core.go:110.87,112.68 1 0
github.com/heroku/go-getting-started/api/controller/core.go:124.2,124.31 1 0
github.com/heroku/go-getting-started/api/controller/core.go:112.68,116.26 3 0
github.com/heroku/go-getting-started/api/controller/core.go:116.26,118.4 1 0
github.com/heroku/go-getting-started/api/controller/core.go:118.9,118.36 1 0
github.com/heroku/go-getting-started/api/controller/core.go:118.36,120.4 1 0
github.com/heroku/go-getting-started/api/controller/core.go:120.9,120.31 1 0
github.com/heroku/go-getting-started/api/controller/core.go:120.31,122.4 1 0
github.com/heroku/go-getting-started/api/controller/core.go:128.41,132.2 1 0
github.com/heroku/go-getting-started/api/controller/core.go:135.63,163.27 4 0
github.com/heroku/go-getting-started/api/controller/core.go:170.2,170.13 1 0
github.com/heroku/go-getting-started/api/controller/core.go:163.27,164.38 1 0
github.com/heroku/go-getting-started/api/controller/core.go:164.38,167.4 2 0
github.com/heroku/go-getting-started/api/controller/router.go:8.32,22.2 6 1
github.com/heroku/go-getting-started/main.go:18.13,22.16 2 1
github.com/heroku/go-getting-started/main.go:27.2,29.24 2 1
github.com/heroku/go-getting-started/main.go:22.16,25.3 2 1
