mode: set
github.com/heroku/go-getting-started/api/controller/core.go:41.37,50.16 6 0
github.com/heroku/go-getting-started/api/controller/core.go:54.2,56.53 2 0
github.com/heroku/go-getting-started/api/controller/core.go:50.16,51.13 1 0
github.com/heroku/go-getting-started/api/controller/core.go:60.42,66.26 4 0
github.com/heroku/go-getting-started/api/controller/core.go:71.2,89.38 5 0
github.com/heroku/go-getting-started/api/controller/core.go:66.26,67.23 1 0
github.com/heroku/go-getting-started/api/controller/core.go:94.87,96.68 1 0
github.com/heroku/go-getting-started/api/controller/core.go:108.2,108.31 1 0
github.com/heroku/go-getting-started/api/controller/core.go:96.68,100.26 3 0
github.com/heroku/go-getting-started/api/controller/core.go:100.26,102.4 1 0
github.com/heroku/go-getting-started/api/controller/core.go:102.9,102.36 1 0
github.com/heroku/go-getting-started/api/controller/core.go:102.36,104.4 1 0
github.com/heroku/go-getting-started/api/controller/core.go:104.9,104.31 1 0
github.com/heroku/go-getting-started/api/controller/core.go:104.31,106.4 1 0
github.com/heroku/go-getting-started/api/controller/core.go:112.41,116.2 1 0
github.com/heroku/go-getting-started/api/controller/router.go:8.32,22.2 6 0
github.com/heroku/go-getting-started/main.go:18.13,22.16 2 0
github.com/heroku/go-getting-started/main.go:27.2,29.24 2 0
github.com/heroku/go-getting-started/main.go:22.16,25.3 2 0
github.com/heroku/go-getting-started/api/service/discovery.go:11.52,16.58 3 1
github.com/heroku/go-getting-started/api/service/discovery.go:27.2,27.44 1 1
github.com/heroku/go-getting-started/api/service/discovery.go:31.2,31.24 1 1
github.com/heroku/go-getting-started/api/service/discovery.go:16.58,18.66 1 1
github.com/heroku/go-getting-started/api/service/discovery.go:18.66,19.41 1 1
github.com/heroku/go-getting-started/api/service/discovery.go:19.41,21.5 1 1
github.com/heroku/go-getting-started/api/service/discovery.go:27.44,29.3 1 1
github.com/heroku/go-getting-started/api/service/discovery.go:36.55,100.2 19 1
github.com/heroku/go-getting-started/api/service/discovery.go:11.52,16.58 3 1
github.com/heroku/go-getting-started/api/service/discovery.go:27.2,27.44 1 1
github.com/heroku/go-getting-started/api/service/discovery.go:31.2,31.24 1 1
github.com/heroku/go-getting-started/api/service/discovery.go:16.58,18.66 1 1
github.com/heroku/go-getting-started/api/service/discovery.go:18.66,19.41 1 1
github.com/heroku/go-getting-started/api/service/discovery.go:19.41,21.5 1 1
github.com/heroku/go-getting-started/api/service/discovery.go:27.44,29.3 1 1
github.com/heroku/go-getting-started/api/service/discovery.go:36.55,100.2 19 1
github.com/heroku/go-getting-started/main.go:18.13,22.16 2 0
github.com/heroku/go-getting-started/main.go:27.2,29.24 2 0
github.com/heroku/go-getting-started/main.go:22.16,25.3 2 0
github.com/heroku/go-getting-started/api/controller/core.go:41.37,50.16 6 1
github.com/heroku/go-getting-started/api/controller/core.go:54.2,56.53 2 1
github.com/heroku/go-getting-started/api/controller/core.go:50.16,51.13 1 0
github.com/heroku/go-getting-started/api/controller/core.go:60.42,66.26 4 1
github.com/heroku/go-getting-started/api/controller/core.go:71.2,89.38 5 1
github.com/heroku/go-getting-started/api/controller/core.go:66.26,67.23 1 0
github.com/heroku/go-getting-started/api/controller/core.go:94.87,96.68 1 1
github.com/heroku/go-getting-started/api/controller/core.go:108.2,108.31 1 1
github.com/heroku/go-getting-started/api/controller/core.go:96.68,100.26 3 1
github.com/heroku/go-getting-started/api/controller/core.go:100.26,102.4 1 1
github.com/heroku/go-getting-started/api/controller/core.go:102.9,102.36 1 1
github.com/heroku/go-getting-started/api/controller/core.go:102.36,104.4 1 1
github.com/heroku/go-getting-started/api/controller/core.go:104.9,104.31 1 1
github.com/heroku/go-getting-started/api/controller/core.go:104.31,106.4 1 1
github.com/heroku/go-getting-started/api/controller/core.go:112.41,116.2 1 1
github.com/heroku/go-getting-started/api/controller/router.go:8.32,22.2 6 1
